ERROR - 2024-09-06 15:55:38 --> Error connecting to the database: mysqli_sql_exception: Nenhuma conexão pôde ser feita porque a máquina de destino as recusou ativamente in C:\Users\Edgar\Documents\GitHub\food\system\Database\MySQLi\Connection.php:187
Stack trace:
#0 C:\Users\Edgar\Documents\GitHub\food\system\Database\MySQLi\Connection.php(187): mysqli->real_connect('localhost', 'root', '', 'food', 3306, '', 0)
#1 C:\Users\Edgar\Documents\GitHub\food\system\Database\BaseConnection.php(421): CodeIgniter\Database\MySQLi\Connection->connect(false)
#2 C:\Users\Edgar\Documents\GitHub\food\system\Database\BaseConnection.php(616): CodeIgniter\Database\BaseConnection->initialize()
#3 C:\Users\Edgar\Documents\GitHub\food\system\Database\BaseBuilder.php(1644): CodeIgniter\Database\BaseConnection->query('SELECT *\nFROM `...', Array, false)
#4 C:\Users\Edgar\Documents\GitHub\food\system\Model.php(286): CodeIgniter\Database\BaseBuilder->get()
#5 C:\Users\Edgar\Documents\GitHub\food\system\BaseModel.php(676): CodeIgniter\Model->doFindAll(0, -1)
#6 C:\Users\Edgar\Documents\GitHub\food\app\Controllers\Admin\Usuarios.php(22): CodeIgniter\BaseModel->findAll(0, -1)
#7 C:\Users\Edgar\Documents\GitHub\food\system\CodeIgniter.php(933): App\Controllers\Admin\Usuarios->index()
#8 C:\Users\Edgar\Documents\GitHub\food\system\CodeIgniter.php(509): CodeIgniter\CodeIgniter->runController(Object(App\Controllers\Admin\Usuarios))
#9 C:\Users\Edgar\Documents\GitHub\food\system\CodeIgniter.php(355): CodeIgniter\CodeIgniter->handleRequest(NULL, Object(Config\Cache), false)
#10 C:\Users\Edgar\Documents\GitHub\food\system\Boot.php(325): CodeIgniter\CodeIgniter->run()
#11 C:\Users\Edgar\Documents\GitHub\food\system\Boot.php(67): CodeIgniter\Boot::runCodeIgniter(Object(CodeIgniter\CodeIgniter))
#12 C:\Users\Edgar\Documents\GitHub\food\public\index.php(56): CodeIgniter\Boot::bootWeb(Object(Config\Paths))
#13 C:\Users\Edgar\Documents\GitHub\food\system\rewrite.php(44): require_once('C:\\Users\\Edgar\\...')
#14 {main}

Next CodeIgniter\Database\Exceptions\DatabaseException: Nenhuma conexão pôde ser feita porque a máquina de destino as recusou ativamente in C:\Users\Edgar\Documents\GitHub\food\system\Database\MySQLi\Connection.php:231
Stack trace:
#0 C:\Users\Edgar\Documents\GitHub\food\system\Database\BaseConnection.php(421): CodeIgniter\Database\MySQLi\Connection->connect(false)
#1 C:\Users\Edgar\Documents\GitHub\food\system\Database\BaseConnection.php(616): CodeIgniter\Database\BaseConnection->initialize()
#2 C:\Users\Edgar\Documents\GitHub\food\system\Database\BaseBuilder.php(1644): CodeIgniter\Database\BaseConnection->query('SELECT *\nFROM `...', Array, false)
#3 C:\Users\Edgar\Documents\GitHub\food\system\Model.php(286): CodeIgniter\Database\BaseBuilder->get()
#4 C:\Users\Edgar\Documents\GitHub\food\system\BaseModel.php(676): CodeIgniter\Model->doFindAll(0, -1)
#5 C:\Users\Edgar\Documents\GitHub\food\app\Controllers\Admin\Usuarios.php(22): CodeIgniter\BaseModel->findAll(0, -1)
#6 C:\Users\Edgar\Documents\GitHub\food\system\CodeIgniter.php(933): App\Controllers\Admin\Usuarios->index()
#7 C:\Users\Edgar\Documents\GitHub\food\system\CodeIgniter.php(509): CodeIgniter\CodeIgniter->runController(Object(App\Controllers\Admin\Usuarios))
#8 C:\Users\Edgar\Documents\GitHub\food\system\CodeIgniter.php(355): CodeIgniter\CodeIgniter->handleRequest(NULL, Object(Config\Cache), false)
#9 C:\Users\Edgar\Documents\GitHub\food\system\Boot.php(325): CodeIgniter\CodeIgniter->run()
#10 C:\Users\Edgar\Documents\GitHub\food\system\Boot.php(67): CodeIgniter\Boot::runCodeIgniter(Object(CodeIgniter\CodeIgniter))
#11 C:\Users\Edgar\Documents\GitHub\food\public\index.php(56): CodeIgniter\Boot::bootWeb(Object(Config\Paths))
#12 C:\Users\Edgar\Documents\GitHub\food\system\rewrite.php(44): require_once('C:\\Users\\Edgar\\...')
#13 {main}
CRITICAL - 2024-09-06 15:55:38 --> CodeIgniter\Database\Exceptions\DatabaseException: Unable to connect to the database.
Main connection [MySQLi]: Nenhuma conexão pôde ser feita porque a máquina de destino as recusou ativamente
[Method: GET, Route: admin/usuarios]
in SYSTEMPATH\Database\BaseConnection.php on line 467.
 1 SYSTEMPATH\Database\BaseConnection.php(616): CodeIgniter\Database\BaseConnection->initialize()
 2 SYSTEMPATH\Database\BaseBuilder.php(1644): CodeIgniter\Database\BaseConnection->query('SELECT *
FROM `usuarios`
WHERE `usuarios`.`deletado_em` IS NULL', [], false)
 3 SYSTEMPATH\Model.php(286): CodeIgniter\Database\BaseBuilder->get()
 4 SYSTEMPATH\BaseModel.php(676): CodeIgniter\Model->doFindAll(0, -1)
 5 APPPATH\Controllers\Admin\Usuarios.php(22): CodeIgniter\BaseModel->findAll(0, -1)
 6 SYSTEMPATH\CodeIgniter.php(933): App\Controllers\Admin\Usuarios->index()
 7 SYSTEMPATH\CodeIgniter.php(509): CodeIgniter\CodeIgniter->runController(Object(App\Controllers\Admin\Usuarios))
 8 SYSTEMPATH\CodeIgniter.php(355): CodeIgniter\CodeIgniter->handleRequest(null, Object(Config\Cache), false)
 9 SYSTEMPATH\Boot.php(325): CodeIgniter\CodeIgniter->run()
10 SYSTEMPATH\Boot.php(67): CodeIgniter\Boot::runCodeIgniter(Object(CodeIgniter\CodeIgniter))
11 FCPATH\index.php(56): CodeIgniter\Boot::bootWeb(Object(Config\Paths))
12 SYSTEMPATH\rewrite.php(44): require_once('C:\\Users\\Edgar\\Documents\\GitHub\\food\\public\\index.php')
ERROR - 2024-09-06 18:48:33 --> mysqli_sql_exception: Unknown column 'usuarios.deleted_at' in 'where clause' in C:\Users\Edgar\Documents\GitHub\project_ci4\food\system\Database\MySQLi\Connection.php:312
Stack trace:
#0 C:\Users\Edgar\Documents\GitHub\project_ci4\food\system\Database\MySQLi\Connection.php(312): mysqli->query('SELECT *\nFROM `...', 0)
#1 C:\Users\Edgar\Documents\GitHub\project_ci4\food\system\Database\BaseConnection.php(734): CodeIgniter\Database\MySQLi\Connection->execute('SELECT *\nFROM `...')
#2 C:\Users\Edgar\Documents\GitHub\project_ci4\food\system\Database\BaseConnection.php(648): CodeIgniter\Database\BaseConnection->simpleQuery('SELECT *\nFROM `...')
#3 C:\Users\Edgar\Documents\GitHub\project_ci4\food\system\Database\BaseBuilder.php(1644): CodeIgniter\Database\BaseConnection->query('SELECT *\nFROM `...', Array, false)
#4 C:\Users\Edgar\Documents\GitHub\project_ci4\food\system\Model.php(286): CodeIgniter\Database\BaseBuilder->get()
#5 C:\Users\Edgar\Documents\GitHub\project_ci4\food\system\BaseModel.php(676): CodeIgniter\Model->doFindAll(0, -1)
#6 C:\Users\Edgar\Documents\GitHub\project_ci4\food\app\Controllers\Admin\Usuarios.php(22): CodeIgniter\BaseModel->findAll(0, -1)
#7 C:\Users\Edgar\Documents\GitHub\project_ci4\food\system\CodeIgniter.php(933): App\Controllers\Admin\Usuarios->index()
#8 C:\Users\Edgar\Documents\GitHub\project_ci4\food\system\CodeIgniter.php(509): CodeIgniter\CodeIgniter->runController(Object(App\Controllers\Admin\Usuarios))
#9 C:\Users\Edgar\Documents\GitHub\project_ci4\food\system\CodeIgniter.php(355): CodeIgniter\CodeIgniter->handleRequest(NULL, Object(Config\Cache), false)
#10 C:\Users\Edgar\Documents\GitHub\project_ci4\food\system\Boot.php(325): CodeIgniter\CodeIgniter->run()
#11 C:\Users\Edgar\Documents\GitHub\project_ci4\food\system\Boot.php(67): CodeIgniter\Boot::runCodeIgniter(Object(CodeIgniter\CodeIgniter))
#12 C:\Users\Edgar\Documents\GitHub\project_ci4\food\public\index.php(56): CodeIgniter\Boot::bootWeb(Object(Config\Paths))
#13 C:\Users\Edgar\Documents\GitHub\project_ci4\food\system\rewrite.php(44): require_once('C:\\Users\\Edgar\\...')
#14 {main}
CRITICAL - 2024-09-06 18:48:33 --> CodeIgniter\Database\Exceptions\DatabaseException: Unknown column 'usuarios.deleted_at' in 'where clause'
[Method: GET, Route: admin/usuarios]
in SYSTEMPATH\Database\BaseConnection.php on line 688.
 1 SYSTEMPATH\Database\BaseBuilder.php(1644): CodeIgniter\Database\BaseConnection->query('SELECT *
FROM `usuarios`
WHERE `usuarios`.`deleted_at` IS NULL', [], false)
 2 SYSTEMPATH\Model.php(286): CodeIgniter\Database\BaseBuilder->get()
 3 SYSTEMPATH\BaseModel.php(676): CodeIgniter\Model->doFindAll(0, -1)
 4 APPPATH\Controllers\Admin\Usuarios.php(22): CodeIgniter\BaseModel->findAll(0, -1)
 5 SYSTEMPATH\CodeIgniter.php(933): App\Controllers\Admin\Usuarios->index()
 6 SYSTEMPATH\CodeIgniter.php(509): CodeIgniter\CodeIgniter->runController(Object(App\Controllers\Admin\Usuarios))
 7 SYSTEMPATH\CodeIgniter.php(355): CodeIgniter\CodeIgniter->handleRequest(null, Object(Config\Cache), false)
 8 SYSTEMPATH\Boot.php(325): CodeIgniter\CodeIgniter->run()
 9 SYSTEMPATH\Boot.php(67): CodeIgniter\Boot::runCodeIgniter(Object(CodeIgniter\CodeIgniter))
10 FCPATH\index.php(56): CodeIgniter\Boot::bootWeb(Object(Config\Paths))
11 SYSTEMPATH\rewrite.php(44): require_once('C:\\Users\\Edgar\\Documents\\GitHub\\project_ci4\\food\\public\\index.php')
CRITICAL - 2024-09-06 18:48:33 --> [Caused by] CodeIgniter\Database\Exceptions\DatabaseException: Unknown column 'usuarios.deleted_at' in 'where clause'
in SYSTEMPATH\Database\MySQLi\Connection.php on line 317.
 1 SYSTEMPATH\Database\BaseConnection.php(734): CodeIgniter\Database\MySQLi\Connection->execute('SELECT *
FROM `usuarios`
WHERE `usuarios`.`deleted_at` IS NULL')
 2 SYSTEMPATH\Database\BaseConnection.php(648): CodeIgniter\Database\BaseConnection->simpleQuery('SELECT *
FROM `usuarios`
WHERE `usuarios`.`deleted_at` IS NULL')
 3 SYSTEMPATH\Database\BaseBuilder.php(1644): CodeIgniter\Database\BaseConnection->query('SELECT *
FROM `usuarios`
WHERE `usuarios`.`deleted_at` IS NULL', [], false)
 4 SYSTEMPATH\Model.php(286): CodeIgniter\Database\BaseBuilder->get()
 5 SYSTEMPATH\BaseModel.php(676): CodeIgniter\Model->doFindAll(0, -1)
 6 APPPATH\Controllers\Admin\Usuarios.php(22): CodeIgniter\BaseModel->findAll(0, -1)
 7 SYSTEMPATH\CodeIgniter.php(933): App\Controllers\Admin\Usuarios->index()
 8 SYSTEMPATH\CodeIgniter.php(509): CodeIgniter\CodeIgniter->runController(Object(App\Controllers\Admin\Usuarios))
 9 SYSTEMPATH\CodeIgniter.php(355): CodeIgniter\CodeIgniter->handleRequest(null, Object(Config\Cache), false)
10 SYSTEMPATH\Boot.php(325): CodeIgniter\CodeIgniter->run()
11 SYSTEMPATH\Boot.php(67): CodeIgniter\Boot::runCodeIgniter(Object(CodeIgniter\CodeIgniter))
12 FCPATH\index.php(56): CodeIgniter\Boot::bootWeb(Object(Config\Paths))
13 SYSTEMPATH\rewrite.php(44): require_once('C:\\Users\\Edgar\\Documents\\GitHub\\project_ci4\\food\\public\\index.php')
CRITICAL - 2024-09-06 18:48:33 --> [Caused by] mysqli_sql_exception: Unknown column 'usuarios.deleted_at' in 'where clause'
in SYSTEMPATH\Database\MySQLi\Connection.php on line 312.
 1 SYSTEMPATH\Database\MySQLi\Connection.php(312): mysqli->query('SELECT *
FROM `usuarios`
WHERE `usuarios`.`deleted_at` IS NULL', 0)
 2 SYSTEMPATH\Database\BaseConnection.php(734): CodeIgniter\Database\MySQLi\Connection->execute('SELECT *
FROM `usuarios`
WHERE `usuarios`.`deleted_at` IS NULL')
 3 SYSTEMPATH\Database\BaseConnection.php(648): CodeIgniter\Database\BaseConnection->simpleQuery('SELECT *
FROM `usuarios`
WHERE `usuarios`.`deleted_at` IS NULL')
 4 SYSTEMPATH\Database\BaseBuilder.php(1644): CodeIgniter\Database\BaseConnection->query('SELECT *
FROM `usuarios`
WHERE `usuarios`.`deleted_at` IS NULL', [], false)
 5 SYSTEMPATH\Model.php(286): CodeIgniter\Database\BaseBuilder->get()
 6 SYSTEMPATH\BaseModel.php(676): CodeIgniter\Model->doFindAll(0, -1)
 7 APPPATH\Controllers\Admin\Usuarios.php(22): CodeIgniter\BaseModel->findAll(0, -1)
 8 SYSTEMPATH\CodeIgniter.php(933): App\Controllers\Admin\Usuarios->index()
 9 SYSTEMPATH\CodeIgniter.php(509): CodeIgniter\CodeIgniter->runController(Object(App\Controllers\Admin\Usuarios))
10 SYSTEMPATH\CodeIgniter.php(355): CodeIgniter\CodeIgniter->handleRequest(null, Object(Config\Cache), false)
11 SYSTEMPATH\Boot.php(325): CodeIgniter\CodeIgniter->run()
12 SYSTEMPATH\Boot.php(67): CodeIgniter\Boot::runCodeIgniter(Object(CodeIgniter\CodeIgniter))
13 FCPATH\index.php(56): CodeIgniter\Boot::bootWeb(Object(Config\Paths))
14 SYSTEMPATH\rewrite.php(44): require_once('C:\\Users\\Edgar\\Documents\\GitHub\\project_ci4\\food\\public\\index.php')
ERROR - 2024-09-06 18:48:48 --> mysqli_sql_exception: Unknown column 'usuarios.deleted_at' in 'where clause' in C:\Users\Edgar\Documents\GitHub\project_ci4\food\system\Database\MySQLi\Connection.php:312
Stack trace:
#0 C:\Users\Edgar\Documents\GitHub\project_ci4\food\system\Database\MySQLi\Connection.php(312): mysqli->query('SELECT *\nFROM `...', 0)
#1 C:\Users\Edgar\Documents\GitHub\project_ci4\food\system\Database\BaseConnection.php(734): CodeIgniter\Database\MySQLi\Connection->execute('SELECT *\nFROM `...')
#2 C:\Users\Edgar\Documents\GitHub\project_ci4\food\system\Database\BaseConnection.php(648): CodeIgniter\Database\BaseConnection->simpleQuery('SELECT *\nFROM `...')
#3 C:\Users\Edgar\Documents\GitHub\project_ci4\food\system\Database\BaseBuilder.php(1644): CodeIgniter\Database\BaseConnection->query('SELECT *\nFROM `...', Array, false)
#4 C:\Users\Edgar\Documents\GitHub\project_ci4\food\system\Model.php(286): CodeIgniter\Database\BaseBuilder->get()
#5 C:\Users\Edgar\Documents\GitHub\project_ci4\food\system\BaseModel.php(676): CodeIgniter\Model->doFindAll(0, -1)
#6 C:\Users\Edgar\Documents\GitHub\project_ci4\food\app\Controllers\Admin\Usuarios.php(22): CodeIgniter\BaseModel->findAll(0, -1)
#7 C:\Users\Edgar\Documents\GitHub\project_ci4\food\system\CodeIgniter.php(933): App\Controllers\Admin\Usuarios->index()
#8 C:\Users\Edgar\Documents\GitHub\project_ci4\food\system\CodeIgniter.php(509): CodeIgniter\CodeIgniter->runController(Object(App\Controllers\Admin\Usuarios))
#9 C:\Users\Edgar\Documents\GitHub\project_ci4\food\system\CodeIgniter.php(355): CodeIgniter\CodeIgniter->handleRequest(NULL, Object(Config\Cache), false)
#10 C:\Users\Edgar\Documents\GitHub\project_ci4\food\system\Boot.php(325): CodeIgniter\CodeIgniter->run()
#11 C:\Users\Edgar\Documents\GitHub\project_ci4\food\system\Boot.php(67): CodeIgniter\Boot::runCodeIgniter(Object(CodeIgniter\CodeIgniter))
#12 C:\Users\Edgar\Documents\GitHub\project_ci4\food\public\index.php(56): CodeIgniter\Boot::bootWeb(Object(Config\Paths))
#13 C:\Users\Edgar\Documents\GitHub\project_ci4\food\system\rewrite.php(44): require_once('C:\\Users\\Edgar\\...')
#14 {main}
CRITICAL - 2024-09-06 18:48:48 --> CodeIgniter\Database\Exceptions\DatabaseException: Unknown column 'usuarios.deleted_at' in 'where clause'
[Method: GET, Route: admin/usuarios]
in SYSTEMPATH\Database\BaseConnection.php on line 688.
 1 SYSTEMPATH\Database\BaseBuilder.php(1644): CodeIgniter\Database\BaseConnection->query('SELECT *
FROM `usuarios`
WHERE `usuarios`.`deleted_at` IS NULL', [], false)
 2 SYSTEMPATH\Model.php(286): CodeIgniter\Database\BaseBuilder->get()
 3 SYSTEMPATH\BaseModel.php(676): CodeIgniter\Model->doFindAll(0, -1)
 4 APPPATH\Controllers\Admin\Usuarios.php(22): CodeIgniter\BaseModel->findAll(0, -1)
 5 SYSTEMPATH\CodeIgniter.php(933): App\Controllers\Admin\Usuarios->index()
 6 SYSTEMPATH\CodeIgniter.php(509): CodeIgniter\CodeIgniter->runController(Object(App\Controllers\Admin\Usuarios))
 7 SYSTEMPATH\CodeIgniter.php(355): CodeIgniter\CodeIgniter->handleRequest(null, Object(Config\Cache), false)
 8 SYSTEMPATH\Boot.php(325): CodeIgniter\CodeIgniter->run()
 9 SYSTEMPATH\Boot.php(67): CodeIgniter\Boot::runCodeIgniter(Object(CodeIgniter\CodeIgniter))
10 FCPATH\index.php(56): CodeIgniter\Boot::bootWeb(Object(Config\Paths))
11 SYSTEMPATH\rewrite.php(44): require_once('C:\\Users\\Edgar\\Documents\\GitHub\\project_ci4\\food\\public\\index.php')
CRITICAL - 2024-09-06 18:48:48 --> [Caused by] CodeIgniter\Database\Exceptions\DatabaseException: Unknown column 'usuarios.deleted_at' in 'where clause'
in SYSTEMPATH\Database\MySQLi\Connection.php on line 317.
 1 SYSTEMPATH\Database\BaseConnection.php(734): CodeIgniter\Database\MySQLi\Connection->execute('SELECT *
FROM `usuarios`
WHERE `usuarios`.`deleted_at` IS NULL')
 2 SYSTEMPATH\Database\BaseConnection.php(648): CodeIgniter\Database\BaseConnection->simpleQuery('SELECT *
FROM `usuarios`
WHERE `usuarios`.`deleted_at` IS NULL')
 3 SYSTEMPATH\Database\BaseBuilder.php(1644): CodeIgniter\Database\BaseConnection->query('SELECT *
FROM `usuarios`
WHERE `usuarios`.`deleted_at` IS NULL', [], false)
 4 SYSTEMPATH\Model.php(286): CodeIgniter\Database\BaseBuilder->get()
 5 SYSTEMPATH\BaseModel.php(676): CodeIgniter\Model->doFindAll(0, -1)
 6 APPPATH\Controllers\Admin\Usuarios.php(22): CodeIgniter\BaseModel->findAll(0, -1)
 7 SYSTEMPATH\CodeIgniter.php(933): App\Controllers\Admin\Usuarios->index()
 8 SYSTEMPATH\CodeIgniter.php(509): CodeIgniter\CodeIgniter->runController(Object(App\Controllers\Admin\Usuarios))
 9 SYSTEMPATH\CodeIgniter.php(355): CodeIgniter\CodeIgniter->handleRequest(null, Object(Config\Cache), false)
10 SYSTEMPATH\Boot.php(325): CodeIgniter\CodeIgniter->run()
11 SYSTEMPATH\Boot.php(67): CodeIgniter\Boot::runCodeIgniter(Object(CodeIgniter\CodeIgniter))
12 FCPATH\index.php(56): CodeIgniter\Boot::bootWeb(Object(Config\Paths))
13 SYSTEMPATH\rewrite.php(44): require_once('C:\\Users\\Edgar\\Documents\\GitHub\\project_ci4\\food\\public\\index.php')
CRITICAL - 2024-09-06 18:48:48 --> [Caused by] mysqli_sql_exception: Unknown column 'usuarios.deleted_at' in 'where clause'
in SYSTEMPATH\Database\MySQLi\Connection.php on line 312.
 1 SYSTEMPATH\Database\MySQLi\Connection.php(312): mysqli->query('SELECT *
FROM `usuarios`
WHERE `usuarios`.`deleted_at` IS NULL', 0)
 2 SYSTEMPATH\Database\BaseConnection.php(734): CodeIgniter\Database\MySQLi\Connection->execute('SELECT *
FROM `usuarios`
WHERE `usuarios`.`deleted_at` IS NULL')
 3 SYSTEMPATH\Database\BaseConnection.php(648): CodeIgniter\Database\BaseConnection->simpleQuery('SELECT *
FROM `usuarios`
WHERE `usuarios`.`deleted_at` IS NULL')
 4 SYSTEMPATH\Database\BaseBuilder.php(1644): CodeIgniter\Database\BaseConnection->query('SELECT *
FROM `usuarios`
WHERE `usuarios`.`deleted_at` IS NULL', [], false)
 5 SYSTEMPATH\Model.php(286): CodeIgniter\Database\BaseBuilder->get()
 6 SYSTEMPATH\BaseModel.php(676): CodeIgniter\Model->doFindAll(0, -1)
 7 APPPATH\Controllers\Admin\Usuarios.php(22): CodeIgniter\BaseModel->findAll(0, -1)
 8 SYSTEMPATH\CodeIgniter.php(933): App\Controllers\Admin\Usuarios->index()
 9 SYSTEMPATH\CodeIgniter.php(509): CodeIgniter\CodeIgniter->runController(Object(App\Controllers\Admin\Usuarios))
10 SYSTEMPATH\CodeIgniter.php(355): CodeIgniter\CodeIgniter->handleRequest(null, Object(Config\Cache), false)
11 SYSTEMPATH\Boot.php(325): CodeIgniter\CodeIgniter->run()
12 SYSTEMPATH\Boot.php(67): CodeIgniter\Boot::runCodeIgniter(Object(CodeIgniter\CodeIgniter))
13 FCPATH\index.php(56): CodeIgniter\Boot::bootWeb(Object(Config\Paths))
14 SYSTEMPATH\rewrite.php(44): require_once('C:\\Users\\Edgar\\Documents\\GitHub\\project_ci4\\food\\public\\index.php')
CRITICAL - 2024-09-06 19:10:03 --> ErrorException: Undefined property: stdClass::$Nome
[Method: GET, Route: admin/usuarios]
in APPPATH\Views\admin\usuarios\index.php on line 51.
 1 APPPATH\Views\admin\usuarios\index.php(51): CodeIgniter\Debug\Exceptions->errorHandler(2, 'Undefined property: stdClass::$Nome', 'C:\\Users\\Edgar\\Documents\\GitHub\\project_ci4\\food\\app\\Views\\admin\\usuarios\\index.php', 51)
 2 SYSTEMPATH\View\View.php(234): include('C:\\Users\\Edgar\\Documents\\GitHub\\project_ci4\\food\\app\\Views\\admin\\usuarios\\index.php')
 3 SYSTEMPATH\View\View.php(237): CodeIgniter\View\View->CodeIgniter\View\{closure}()
 4 SYSTEMPATH\Common.php(1169): CodeIgniter\View\View->render('Admin/Usuarios/index', [], true)
 5 APPPATH\Controllers\Admin\Usuarios.php(28): view('Admin/Usuarios/index', [...])
 6 SYSTEMPATH\CodeIgniter.php(933): App\Controllers\Admin\Usuarios->index()
 7 SYSTEMPATH\CodeIgniter.php(509): CodeIgniter\CodeIgniter->runController(Object(App\Controllers\Admin\Usuarios))
 8 SYSTEMPATH\CodeIgniter.php(355): CodeIgniter\CodeIgniter->handleRequest(null, Object(Config\Cache), false)
 9 SYSTEMPATH\Boot.php(325): CodeIgniter\CodeIgniter->run()
10 SYSTEMPATH\Boot.php(67): CodeIgniter\Boot::runCodeIgniter(Object(CodeIgniter\CodeIgniter))
11 FCPATH\index.php(56): CodeIgniter\Boot::bootWeb(Object(Config\Paths))
12 SYSTEMPATH\rewrite.php(44): require_once('C:\\Users\\Edgar\\Documents\\GitHub\\project_ci4\\food\\public\\index.php')
