CRITICAL - 2024-09-07 03:30:23 --> ArgumentCountError: Too few arguments to function App\Controllers\Crud\Inicio::excluir(), 0 passed in C:\Users\Edgar\Documents\GitHub\project_ci4\ci4_crud\system\CodeIgniter.php on line 933 and exactly 1 expected
[Method: GET, Route: excluir/1]
in APPPATH\Controllers\Crud\Inicio.php on line 33.
 1 SYSTEMPATH\CodeIgniter.php(933): App\Controllers\Crud\Inicio->excluir()
 2 SYSTEMPATH\CodeIgniter.php(509): CodeIgniter\CodeIgniter->runController(Object(App\Controllers\Crud\Inicio))
 3 SYSTEMPATH\CodeIgniter.php(355): CodeIgniter\CodeIgniter->handleRequest(null, Object(Config\Cache), false)
 4 SYSTEMPATH\Boot.php(325): CodeIgniter\CodeIgniter->run()
 5 SYSTEMPATH\Boot.php(67): CodeIgniter\Boot::runCodeIgniter(Object(CodeIgniter\CodeIgniter))
 6 FCPATH\index.php(56): CodeIgniter\Boot::bootWeb(Object(Config\Paths))
 7 SYSTEMPATH\rewrite.php(44): require_once('C:\\Users\\Edgar\\Documents\\GitHub\\project_ci4\\ci4_crud\\public\\index.php')
CRITICAL - 2024-09-07 03:39:27 --> ArgumentCountError: Too few arguments to function App\Controllers\Crud\Inicio::excluir(), 0 passed in C:\Users\Edgar\Documents\GitHub\project_ci4\ci4_crud\system\CodeIgniter.php on line 933 and exactly 1 expected
[Method: GET, Route: excluir]
in APPPATH\Controllers\Crud\Inicio.php on line 33.
 1 SYSTEMPATH\CodeIgniter.php(933): App\Controllers\Crud\Inicio->excluir()
 2 SYSTEMPATH\CodeIgniter.php(509): CodeIgniter\CodeIgniter->runController(Object(App\Controllers\Crud\Inicio))
 3 SYSTEMPATH\CodeIgniter.php(355): CodeIgniter\CodeIgniter->handleRequest(null, Object(Config\Cache), false)
 4 SYSTEMPATH\Boot.php(325): CodeIgniter\CodeIgniter->run()
 5 SYSTEMPATH\Boot.php(67): CodeIgniter\Boot::runCodeIgniter(Object(CodeIgniter\CodeIgniter))
 6 FCPATH\index.php(56): CodeIgniter\Boot::bootWeb(Object(Config\Paths))
 7 SYSTEMPATH\rewrite.php(44): require_once('C:\\Users\\Edgar\\Documents\\GitHub\\project_ci4\\ci4_crud\\public\\index.php')
CRITICAL - 2024-09-07 03:47:37 --> ArgumentCountError: Too few arguments to function App\Controllers\Crud\Inicio::deletar(), 0 passed in C:\Users\Edgar\Documents\GitHub\project_ci4\ci4_crud\system\CodeIgniter.php on line 933 and exactly 1 expected
[Method: GET, Route: deletar]
in APPPATH\Controllers\Crud\Inicio.php on line 33.
 1 SYSTEMPATH\CodeIgniter.php(933): App\Controllers\Crud\Inicio->deletar()
 2 SYSTEMPATH\CodeIgniter.php(509): CodeIgniter\CodeIgniter->runController(Object(App\Controllers\Crud\Inicio))
 3 SYSTEMPATH\CodeIgniter.php(355): CodeIgniter\CodeIgniter->handleRequest(null, Object(Config\Cache), false)
 4 SYSTEMPATH\Boot.php(325): CodeIgniter\CodeIgniter->run()
 5 SYSTEMPATH\Boot.php(67): CodeIgniter\Boot::runCodeIgniter(Object(CodeIgniter\CodeIgniter))
 6 FCPATH\index.php(56): CodeIgniter\Boot::bootWeb(Object(Config\Paths))
 7 SYSTEMPATH\rewrite.php(44): require_once('C:\\Users\\Edgar\\Documents\\GitHub\\project_ci4\\ci4_crud\\public\\index.php')
ERROR - 2024-09-07 03:55:02 --> Error connecting to the database: mysqli_sql_exception: Nenhuma conexão pôde ser feita porque a máquina de destino as recusou ativamente in C:\Users\Edgar\Documents\GitHub\project_ci4\ci4_crud\system\Database\MySQLi\Connection.php:187
Stack trace:
#0 C:\Users\Edgar\Documents\GitHub\project_ci4\ci4_crud\system\Database\MySQLi\Connection.php(187): mysqli->real_connect('localhost', 'root', '', 'ci4_crud', 3306, '', 0)
#1 C:\Users\Edgar\Documents\GitHub\project_ci4\ci4_crud\system\Database\BaseConnection.php(421): CodeIgniter\Database\MySQLi\Connection->connect(false)
#2 C:\Users\Edgar\Documents\GitHub\project_ci4\ci4_crud\system\Database\BaseConnection.php(616): CodeIgniter\Database\BaseConnection->initialize()
#3 C:\Users\Edgar\Documents\GitHub\project_ci4\ci4_crud\system\Database\BaseBuilder.php(1728): CodeIgniter\Database\BaseConnection->query('SELECT COUNT(*)...', Array, false)
#4 C:\Users\Edgar\Documents\GitHub\project_ci4\ci4_crud\system\Model.php(678): CodeIgniter\Database\BaseBuilder->countAllResults(false)
#5 C:\Users\Edgar\Documents\GitHub\project_ci4\ci4_crud\system\BaseModel.php(1284): CodeIgniter\Model->countAllResults(false)
#6 C:\Users\Edgar\Documents\GitHub\project_ci4\ci4_crud\app\Controllers\Crud\Inicio.php(22): CodeIgniter\BaseModel->paginate(3)
#7 C:\Users\Edgar\Documents\GitHub\project_ci4\ci4_crud\system\CodeIgniter.php(933): App\Controllers\Crud\Inicio->index()
#8 C:\Users\Edgar\Documents\GitHub\project_ci4\ci4_crud\system\CodeIgniter.php(509): CodeIgniter\CodeIgniter->runController(Object(App\Controllers\Crud\Inicio))
#9 C:\Users\Edgar\Documents\GitHub\project_ci4\ci4_crud\system\CodeIgniter.php(355): CodeIgniter\CodeIgniter->handleRequest(NULL, Object(Config\Cache), false)
#10 C:\Users\Edgar\Documents\GitHub\project_ci4\ci4_crud\system\Boot.php(325): CodeIgniter\CodeIgniter->run()
#11 C:\Users\Edgar\Documents\GitHub\project_ci4\ci4_crud\system\Boot.php(67): CodeIgniter\Boot::runCodeIgniter(Object(CodeIgniter\CodeIgniter))
#12 C:\Users\Edgar\Documents\GitHub\project_ci4\ci4_crud\public\index.php(56): CodeIgniter\Boot::bootWeb(Object(Config\Paths))
#13 {main}

Next CodeIgniter\Database\Exceptions\DatabaseException: Nenhuma conexão pôde ser feita porque a máquina de destino as recusou ativamente in C:\Users\Edgar\Documents\GitHub\project_ci4\ci4_crud\system\Database\MySQLi\Connection.php:231
Stack trace:
#0 C:\Users\Edgar\Documents\GitHub\project_ci4\ci4_crud\system\Database\BaseConnection.php(421): CodeIgniter\Database\MySQLi\Connection->connect(false)
#1 C:\Users\Edgar\Documents\GitHub\project_ci4\ci4_crud\system\Database\BaseConnection.php(616): CodeIgniter\Database\BaseConnection->initialize()
#2 C:\Users\Edgar\Documents\GitHub\project_ci4\ci4_crud\system\Database\BaseBuilder.php(1728): CodeIgniter\Database\BaseConnection->query('SELECT COUNT(*)...', Array, false)
#3 C:\Users\Edgar\Documents\GitHub\project_ci4\ci4_crud\system\Model.php(678): CodeIgniter\Database\BaseBuilder->countAllResults(false)
#4 C:\Users\Edgar\Documents\GitHub\project_ci4\ci4_crud\system\BaseModel.php(1284): CodeIgniter\Model->countAllResults(false)
#5 C:\Users\Edgar\Documents\GitHub\project_ci4\ci4_crud\app\Controllers\Crud\Inicio.php(22): CodeIgniter\BaseModel->paginate(3)
#6 C:\Users\Edgar\Documents\GitHub\project_ci4\ci4_crud\system\CodeIgniter.php(933): App\Controllers\Crud\Inicio->index()
#7 C:\Users\Edgar\Documents\GitHub\project_ci4\ci4_crud\system\CodeIgniter.php(509): CodeIgniter\CodeIgniter->runController(Object(App\Controllers\Crud\Inicio))
#8 C:\Users\Edgar\Documents\GitHub\project_ci4\ci4_crud\system\CodeIgniter.php(355): CodeIgniter\CodeIgniter->handleRequest(NULL, Object(Config\Cache), false)
#9 C:\Users\Edgar\Documents\GitHub\project_ci4\ci4_crud\system\Boot.php(325): CodeIgniter\CodeIgniter->run()
#10 C:\Users\Edgar\Documents\GitHub\project_ci4\ci4_crud\system\Boot.php(67): CodeIgniter\Boot::runCodeIgniter(Object(CodeIgniter\CodeIgniter))
#11 C:\Users\Edgar\Documents\GitHub\project_ci4\ci4_crud\public\index.php(56): CodeIgniter\Boot::bootWeb(Object(Config\Paths))
#12 {main}
CRITICAL - 2024-09-07 03:55:02 --> CodeIgniter\Database\Exceptions\DatabaseException: Unable to connect to the database.
Main connection [MySQLi]: Nenhuma conexão pôde ser feita porque a máquina de destino as recusou ativamente
[Method: GET, Route: /]
in SYSTEMPATH\Database\BaseConnection.php on line 467.
 1 SYSTEMPATH\Database\BaseConnection.php(616): CodeIgniter\Database\BaseConnection->initialize()
 2 SYSTEMPATH\Database\BaseBuilder.php(1728): CodeIgniter\Database\BaseConnection->query('SELECT COUNT(*) AS `numrows`
FROM `usuarios`', [], false)
 3 SYSTEMPATH\Model.php(678): CodeIgniter\Database\BaseBuilder->countAllResults(false)
 4 SYSTEMPATH\BaseModel.php(1284): CodeIgniter\Model->countAllResults(false)
 5 APPPATH\Controllers\Crud\Inicio.php(22): CodeIgniter\BaseModel->paginate(3)
 6 SYSTEMPATH\CodeIgniter.php(933): App\Controllers\Crud\Inicio->index()
 7 SYSTEMPATH\CodeIgniter.php(509): CodeIgniter\CodeIgniter->runController(Object(App\Controllers\Crud\Inicio))
 8 SYSTEMPATH\CodeIgniter.php(355): CodeIgniter\CodeIgniter->handleRequest(null, Object(Config\Cache), false)
 9 SYSTEMPATH\Boot.php(325): CodeIgniter\CodeIgniter->run()
10 SYSTEMPATH\Boot.php(67): CodeIgniter\Boot::runCodeIgniter(Object(CodeIgniter\CodeIgniter))
11 FCPATH\index.php(56): CodeIgniter\Boot::bootWeb(Object(Config\Paths))
ERROR - 2024-09-07 03:55:14 --> Error connecting to the database: mysqli_sql_exception: Nenhuma conexão pôde ser feita porque a máquina de destino as recusou ativamente in C:\Users\Edgar\Documents\GitHub\project_ci4\ci4_crud\system\Database\MySQLi\Connection.php:187
Stack trace:
#0 C:\Users\Edgar\Documents\GitHub\project_ci4\ci4_crud\system\Database\MySQLi\Connection.php(187): mysqli->real_connect('localhost', 'root', '', 'ci4_crud', 3306, '', 0)
#1 C:\Users\Edgar\Documents\GitHub\project_ci4\ci4_crud\system\Database\BaseConnection.php(421): CodeIgniter\Database\MySQLi\Connection->connect(false)
#2 C:\Users\Edgar\Documents\GitHub\project_ci4\ci4_crud\system\Database\BaseConnection.php(616): CodeIgniter\Database\BaseConnection->initialize()
#3 C:\Users\Edgar\Documents\GitHub\project_ci4\ci4_crud\system\Database\BaseBuilder.php(1728): CodeIgniter\Database\BaseConnection->query('SELECT COUNT(*)...', Array, false)
#4 C:\Users\Edgar\Documents\GitHub\project_ci4\ci4_crud\system\Model.php(678): CodeIgniter\Database\BaseBuilder->countAllResults(false)
#5 C:\Users\Edgar\Documents\GitHub\project_ci4\ci4_crud\system\BaseModel.php(1284): CodeIgniter\Model->countAllResults(false)
#6 C:\Users\Edgar\Documents\GitHub\project_ci4\ci4_crud\app\Controllers\Crud\Inicio.php(22): CodeIgniter\BaseModel->paginate(3)
#7 C:\Users\Edgar\Documents\GitHub\project_ci4\ci4_crud\system\CodeIgniter.php(933): App\Controllers\Crud\Inicio->index()
#8 C:\Users\Edgar\Documents\GitHub\project_ci4\ci4_crud\system\CodeIgniter.php(509): CodeIgniter\CodeIgniter->runController(Object(App\Controllers\Crud\Inicio))
#9 C:\Users\Edgar\Documents\GitHub\project_ci4\ci4_crud\system\CodeIgniter.php(355): CodeIgniter\CodeIgniter->handleRequest(NULL, Object(Config\Cache), false)
#10 C:\Users\Edgar\Documents\GitHub\project_ci4\ci4_crud\system\Boot.php(325): CodeIgniter\CodeIgniter->run()
#11 C:\Users\Edgar\Documents\GitHub\project_ci4\ci4_crud\system\Boot.php(67): CodeIgniter\Boot::runCodeIgniter(Object(CodeIgniter\CodeIgniter))
#12 C:\Users\Edgar\Documents\GitHub\project_ci4\ci4_crud\public\index.php(56): CodeIgniter\Boot::bootWeb(Object(Config\Paths))
#13 {main}

Next CodeIgniter\Database\Exceptions\DatabaseException: Nenhuma conexão pôde ser feita porque a máquina de destino as recusou ativamente in C:\Users\Edgar\Documents\GitHub\project_ci4\ci4_crud\system\Database\MySQLi\Connection.php:231
Stack trace:
#0 C:\Users\Edgar\Documents\GitHub\project_ci4\ci4_crud\system\Database\BaseConnection.php(421): CodeIgniter\Database\MySQLi\Connection->connect(false)
#1 C:\Users\Edgar\Documents\GitHub\project_ci4\ci4_crud\system\Database\BaseConnection.php(616): CodeIgniter\Database\BaseConnection->initialize()
#2 C:\Users\Edgar\Documents\GitHub\project_ci4\ci4_crud\system\Database\BaseBuilder.php(1728): CodeIgniter\Database\BaseConnection->query('SELECT COUNT(*)...', Array, false)
#3 C:\Users\Edgar\Documents\GitHub\project_ci4\ci4_crud\system\Model.php(678): CodeIgniter\Database\BaseBuilder->countAllResults(false)
#4 C:\Users\Edgar\Documents\GitHub\project_ci4\ci4_crud\system\BaseModel.php(1284): CodeIgniter\Model->countAllResults(false)
#5 C:\Users\Edgar\Documents\GitHub\project_ci4\ci4_crud\app\Controllers\Crud\Inicio.php(22): CodeIgniter\BaseModel->paginate(3)
#6 C:\Users\Edgar\Documents\GitHub\project_ci4\ci4_crud\system\CodeIgniter.php(933): App\Controllers\Crud\Inicio->index()
#7 C:\Users\Edgar\Documents\GitHub\project_ci4\ci4_crud\system\CodeIgniter.php(509): CodeIgniter\CodeIgniter->runController(Object(App\Controllers\Crud\Inicio))
#8 C:\Users\Edgar\Documents\GitHub\project_ci4\ci4_crud\system\CodeIgniter.php(355): CodeIgniter\CodeIgniter->handleRequest(NULL, Object(Config\Cache), false)
#9 C:\Users\Edgar\Documents\GitHub\project_ci4\ci4_crud\system\Boot.php(325): CodeIgniter\CodeIgniter->run()
#10 C:\Users\Edgar\Documents\GitHub\project_ci4\ci4_crud\system\Boot.php(67): CodeIgniter\Boot::runCodeIgniter(Object(CodeIgniter\CodeIgniter))
#11 C:\Users\Edgar\Documents\GitHub\project_ci4\ci4_crud\public\index.php(56): CodeIgniter\Boot::bootWeb(Object(Config\Paths))
#12 {main}
CRITICAL - 2024-09-07 03:55:14 --> CodeIgniter\Database\Exceptions\DatabaseException: Unable to connect to the database.
Main connection [MySQLi]: Nenhuma conexão pôde ser feita porque a máquina de destino as recusou ativamente
[Method: GET, Route: /]
in SYSTEMPATH\Database\BaseConnection.php on line 467.
 1 SYSTEMPATH\Database\BaseConnection.php(616): CodeIgniter\Database\BaseConnection->initialize()
 2 SYSTEMPATH\Database\BaseBuilder.php(1728): CodeIgniter\Database\BaseConnection->query('SELECT COUNT(*) AS `numrows`
FROM `usuarios`', [], false)
 3 SYSTEMPATH\Model.php(678): CodeIgniter\Database\BaseBuilder->countAllResults(false)
 4 SYSTEMPATH\BaseModel.php(1284): CodeIgniter\Model->countAllResults(false)
 5 APPPATH\Controllers\Crud\Inicio.php(22): CodeIgniter\BaseModel->paginate(3)
 6 SYSTEMPATH\CodeIgniter.php(933): App\Controllers\Crud\Inicio->index()
 7 SYSTEMPATH\CodeIgniter.php(509): CodeIgniter\CodeIgniter->runController(Object(App\Controllers\Crud\Inicio))
 8 SYSTEMPATH\CodeIgniter.php(355): CodeIgniter\CodeIgniter->handleRequest(null, Object(Config\Cache), false)
 9 SYSTEMPATH\Boot.php(325): CodeIgniter\CodeIgniter->run()
10 SYSTEMPATH\Boot.php(67): CodeIgniter\Boot::runCodeIgniter(Object(CodeIgniter\CodeIgniter))
11 FCPATH\index.php(56): CodeIgniter\Boot::bootWeb(Object(Config\Paths))
CRITICAL - 2024-09-07 04:02:27 --> ParseError: syntax error, unexpected token "}", expecting "," or ";"
[Method: GET, Route: deletar]
in APPPATH\Controllers\Crud\Inicio.php on line 41.
 1 SYSTEMPATH\Autoloader\Autoloader.php(296): CodeIgniter\Autoloader\Autoloader->includeFile('C:\\Users\\Edgar\\Documents\\GitHub\\project_ci4\\ci4_crud\\app\\Controllers\\Crud\\Inicio.php')
 2 SYSTEMPATH\Autoloader\Autoloader.php(272): CodeIgniter\Autoloader\Autoloader->loadInNamespace('App\\Controllers\\Crud\\Inicio')
 3 [internal function]: CodeIgniter\Autoloader\Autoloader->loadClass('App\\Controllers\\Crud\\Inicio')
 4 SYSTEMPATH\CodeIgniter.php(887): class_exists('\\App\\Controllers\\Crud\\Inicio', true)
 5 SYSTEMPATH\CodeIgniter.php(496): CodeIgniter\CodeIgniter->startController()
 6 SYSTEMPATH\CodeIgniter.php(355): CodeIgniter\CodeIgniter->handleRequest(null, Object(Config\Cache), false)
 7 SYSTEMPATH\Boot.php(325): CodeIgniter\CodeIgniter->run()
 8 SYSTEMPATH\Boot.php(67): CodeIgniter\Boot::runCodeIgniter(Object(CodeIgniter\CodeIgniter))
 9 FCPATH\index.php(56): CodeIgniter\Boot::bootWeb(Object(Config\Paths))
10 SYSTEMPATH\rewrite.php(44): require_once('C:\\Users\\Edgar\\Documents\\GitHub\\project_ci4\\ci4_crud\\public\\index.php')
CRITICAL - 2024-09-07 04:04:26 --> ErrorException: Array to string conversion
[Method: GET, Route: deletar]
in APPPATH\Controllers\Crud\Inicio.php on line 37.
 1 APPPATH\Controllers\Crud\Inicio.php(37): CodeIgniter\Debug\Exceptions->errorHandler(2, 'Array to string conversion', 'C:\\Users\\Edgar\\Documents\\GitHub\\project_ci4\\ci4_crud\\app\\Controllers\\Crud\\Inicio.php', 37)
 2 SYSTEMPATH\CodeIgniter.php(933): App\Controllers\Crud\Inicio->deletar()
 3 SYSTEMPATH\CodeIgniter.php(509): CodeIgniter\CodeIgniter->runController(Object(App\Controllers\Crud\Inicio))
 4 SYSTEMPATH\CodeIgniter.php(355): CodeIgniter\CodeIgniter->handleRequest(null, Object(Config\Cache), false)
 5 SYSTEMPATH\Boot.php(325): CodeIgniter\CodeIgniter->run()
 6 SYSTEMPATH\Boot.php(67): CodeIgniter\Boot::runCodeIgniter(Object(CodeIgniter\CodeIgniter))
 7 FCPATH\index.php(56): CodeIgniter\Boot::bootWeb(Object(Config\Paths))
 8 SYSTEMPATH\rewrite.php(44): require_once('C:\\Users\\Edgar\\Documents\\GitHub\\project_ci4\\ci4_crud\\public\\index.php')
